<?xml version="1.0" encoding="UTF-8"?>
<testng-results ignored="0" total="7" passed="6" failed="1" skipped="0">
  <reporter-output>
  </reporter-output>
  <suite started-at="2021-06-26T21:47:46 IST" name="Suite" finished-at="2021-06-26T21:49:09 IST" duration-ms="82965">
    <groups>
    </groups>
    <test started-at="2021-06-26T21:47:46 IST" name="Test" finished-at="2021-06-26T21:49:09 IST" duration-ms="82965">
      <class name="Smallcase.Assign2.PriceCompare">
        <test-method signature="comparePrices()[pri:0, instance:Smallcase.Assign2.PriceCompare@223191a6]" started-at="2021-06-26T21:49:09 IST" name="comparePrices" finished-at="2021-06-26T21:49:09 IST" duration-ms="1" status="PASS">
          <reporter-output>
          </reporter-output>
        </test-method> <!-- comparePrices -->
      </class> <!-- Smallcase.Assign2.PriceCompare -->
      <class name="Smallcase.Assign2.AmazonTest">
        <test-method signature="navigateTo()[pri:0, instance:Smallcase.Assign2.AmazonTest@4ec4f3a0]" started-at="2021-06-26T21:48:08 IST" name="navigateTo" finished-at="2021-06-26T21:48:24 IST" duration-ms="15659" status="PASS">
          <reporter-output>
          </reporter-output>
        </test-method> <!-- navigateTo -->
        <test-method signature="searchItem()[pri:0, instance:Smallcase.Assign2.AmazonTest@4ec4f3a0]" started-at="2021-06-26T21:48:24 IST" name="searchItem" finished-at="2021-06-26T21:48:33 IST" duration-ms="9181" status="PASS">
          <reporter-output>
          </reporter-output>
        </test-method> <!-- searchItem -->
        <test-method signature="selectItem()[pri:0, instance:Smallcase.Assign2.AmazonTest@4ec4f3a0]" started-at="2021-06-26T21:48:33 IST" name="selectItem" finished-at="2021-06-26T21:49:09 IST" duration-ms="36291" status="FAIL">
          <exception class="java.lang.NumberFormatException">
            <message>
              <![CDATA[For input string: "63900.00"]]>
            </message>
            <full-stacktrace>
              <![CDATA[java.lang.NumberFormatException: For input string: "63900.00"
at java.base/java.lang.NumberFormatException.forInputString(NumberFormatException.java:65)
at java.base/java.lang.Integer.parseInt(Integer.java:652)
at java.base/java.lang.Integer.parseInt(Integer.java:770)
at Smallcase.Assign2.AmazonTest.selectItem(AmazonTest.java:74)
at java.base/jdk.internal.reflect.NativeMethodAccessorImpl.invoke0(Native Method)
at java.base/jdk.internal.reflect.NativeMethodAccessorImpl.invoke(NativeMethodAccessorImpl.java:62)
at java.base/jdk.internal.reflect.DelegatingMethodAccessorImpl.invoke(DelegatingMethodAccessorImpl.java:43)
at java.base/java.lang.reflect.Method.invoke(Method.java:566)
at org.testng.internal.MethodInvocationHelper.invokeMethod(MethodInvocationHelper.java:133)
at org.testng.internal.TestInvoker.invokeMethod(TestInvoker.java:598)
at org.testng.internal.TestInvoker.invokeTestMethod(TestInvoker.java:173)
at org.testng.internal.MethodRunner.runInSequence(MethodRunner.java:46)
at org.testng.internal.TestInvoker$MethodInvocationAgent.invoke(TestInvoker.java:824)
at org.testng.internal.TestInvoker.invokeTestMethods(TestInvoker.java:146)
at org.testng.internal.TestMethodWorker.invokeTestMethods(TestMethodWorker.java:146)
at org.testng.internal.TestMethodWorker.run(TestMethodWorker.java:128)
at java.base/java.util.ArrayList.forEach(ArrayList.java:1541)
at org.testng.TestRunner.privateRun(TestRunner.java:794)
at org.testng.TestRunner.run(TestRunner.java:596)
at org.testng.SuiteRunner.runTest(SuiteRunner.java:377)
at org.testng.SuiteRunner.runSequentially(SuiteRunner.java:371)
at org.testng.SuiteRunner.privateRun(SuiteRunner.java:332)
at org.testng.SuiteRunner.run(SuiteRunner.java:276)
at org.testng.SuiteRunnerWorker.runSuite(SuiteRunnerWorker.java:53)
at org.testng.SuiteRunnerWorker.run(SuiteRunnerWorker.java:96)
at org.testng.TestNG.runSuitesSequentially(TestNG.java:1212)
at org.testng.TestNG.runSuitesLocally(TestNG.java:1134)
at org.testng.TestNG.runSuites(TestNG.java:1063)
at org.testng.TestNG.run(TestNG.java:1031)
at org.testng.remote.AbstractRemoteTestNG.run(AbstractRemoteTestNG.java:115)
at org.testng.remote.RemoteTestNG.initAndRun(RemoteTestNG.java:251)
at org.testng.remote.RemoteTestNG.main(RemoteTestNG.java:77)
]]>
            </full-stacktrace>
          </exception> <!-- java.lang.NumberFormatException -->
          <reporter-output>
          </reporter-output>
        </test-method> <!-- selectItem -->
      </class> <!-- Smallcase.Assign2.AmazonTest -->
      <class name="Smallcase.Assign2.FlipkartTest">
        <test-method signature="navigateTo()[pri:0, instance:Smallcase.Assign2.FlipkartTest@49ec71f8]" started-at="2021-06-26T21:47:46 IST" name="navigateTo" finished-at="2021-06-26T21:47:58 IST" duration-ms="11344" status="PASS">
          <reporter-output>
          </reporter-output>
        </test-method> <!-- navigateTo -->
        <test-method signature="searchItem()[pri:0, instance:Smallcase.Assign2.FlipkartTest@49ec71f8]" started-at="2021-06-26T21:47:58 IST" name="searchItem" finished-at="2021-06-26T21:48:01 IST" duration-ms="3275" status="PASS">
          <reporter-output>
          </reporter-output>
        </test-method> <!-- searchItem -->
        <test-method signature="selectItem()[pri:0, instance:Smallcase.Assign2.FlipkartTest@49ec71f8]" started-at="2021-06-26T21:48:01 IST" name="selectItem" finished-at="2021-06-26T21:48:08 IST" duration-ms="7162" status="PASS">
          <reporter-output>
          </reporter-output>
        </test-method> <!-- selectItem -->
      </class> <!-- Smallcase.Assign2.FlipkartTest -->
    </test> <!-- Test -->
  </suite> <!-- Suite -->
</testng-results>
