<?xml version="1.0" encoding="UTF-8"?>
<!-- Generated by org.testng.reporters.JUnitXMLReporter -->
<testsuite ignored="0" hostname="197nodnb26926" failures="0" tests="3" name="Default test" time="16.074" errors="0" timestamp="2021-06-25T19:04:28 IST">
  <testcase classname="Smallcase.Assign1.FlipkartSearchPage" name="navigateTo" time="5.059"/>
  <testcase classname="Smallcase.Assign1.FlipkartSearchPage" name="searchItem" time="3.338"/>
  <testcase classname="Smallcase.Assign1.FlipkartSearchPage" name="selectItem" time="7.635"/>
</testsuite> <!-- Default test -->
