<?xml version="1.0" encoding="UTF-8"?>
<testng-results ignored="0" total="3" passed="3" failed="0" skipped="0">
  <reporter-output>
  </reporter-output>
  <suite started-at="2021-06-26T10:59:45 IST" name="Suite" finished-at="2021-06-26T11:00:01 IST" duration-ms="15407">
    <groups>
    </groups>
    <test started-at="2021-06-26T10:59:45 IST" name="Test" finished-at="2021-06-26T11:00:01 IST" duration-ms="15407">
      <class name="Smallcase.Assign1.FlipkartSearchPage">
        <test-method signature="navigateTo()[pri:0, instance:Smallcase.Assign1.FlipkartSearchPage@7e07db1f]" started-at="2021-06-26T10:59:45 IST" name="navigateTo" finished-at="2021-06-26T10:59:50 IST" duration-ms="4877" status="PASS">
          <reporter-output>
          </reporter-output>
        </test-method> <!-- navigateTo -->
        <test-method signature="searchItem()[pri:0, instance:Smallcase.Assign1.FlipkartSearchPage@7e07db1f]" started-at="2021-06-26T10:59:50 IST" name="searchItem" finished-at="2021-06-26T10:59:54 IST" duration-ms="3260" status="PASS">
          <reporter-output>
          </reporter-output>
        </test-method> <!-- searchItem -->
        <test-method signature="selectItem()[pri:0, instance:Smallcase.Assign1.FlipkartSearchPage@7e07db1f]" started-at="2021-06-26T10:59:54 IST" name="selectItem" finished-at="2021-06-26T11:00:01 IST" duration-ms="7223" status="PASS">
          <reporter-output>
          </reporter-output>
        </test-method> <!-- selectItem -->
      </class> <!-- Smallcase.Assign1.FlipkartSearchPage -->
    </test> <!-- Test -->
  </suite> <!-- Suite -->
</testng-results>
