<?xml version="1.0" encoding="UTF-8"?>
<!-- Generated by org.testng.reporters.JUnitXMLReporter -->
<testsuite ignored="0" hostname="197nodnb26926" failures="0" tests="3" name="Test" time="15.407" errors="0" timestamp="2021-06-26T11:00:01 IST">
  <testcase classname="Smallcase.Assign1.FlipkartSearchPage" name="navigateTo" time="4.877"/>
  <testcase classname="Smallcase.Assign1.FlipkartSearchPage" name="searchItem" time="3.26"/>
  <testcase classname="Smallcase.Assign1.FlipkartSearchPage" name="selectItem" time="7.223"/>
</testsuite> <!-- Test -->
