<?xml version="1.0" encoding="UTF-8"?>
<!-- Generated by org.testng.reporters.JUnitXMLReporter -->
<testsuite ignored="0" hostname="197nodnb26926" failures="1" tests="7" name="Test" time="82.965" errors="0" timestamp="2021-06-26T21:49:09 IST">
  <testcase classname="Smallcase.Assign2.FlipkartTest" name="navigateTo" time="11.344"/>
  <testcase classname="Smallcase.Assign2.FlipkartTest" name="searchItem" time="3.275"/>
  <testcase classname="Smallcase.Assign2.FlipkartTest" name="selectItem" time="7.162"/>
  <testcase classname="Smallcase.Assign2.AmazonTest" name="navigateTo" time="15.659"/>
  <testcase classname="Smallcase.Assign2.AmazonTest" name="searchItem" time="9.181"/>
  <testcase classname="Smallcase.Assign2.AmazonTest" name="selectItem" time="36.291">
    <failure type="java.lang.NumberFormatException" message="For input string: &amp;quot;63900.00&amp;quot;">
      <![CDATA[java.lang.NumberFormatException: For input string: "63900.00"
at java.base/java.lang.NumberFormatException.forInputString(NumberFormatException.java:65)
at java.base/java.lang.Integer.parseInt(Integer.java:652)
at java.base/java.lang.Integer.parseInt(Integer.java:770)
at Smallcase.Assign2.AmazonTest.selectItem(AmazonTest.java:74)
at java.base/java.util.ArrayList.forEach(ArrayList.java:1541)
... Removed 27 stack frames]]>
    </failure>
  </testcase> <!-- selectItem -->
  <testcase classname="Smallcase.Assign2.PriceCompare" name="comparePrices" time="0.001"/>
</testsuite> <!-- Test -->
