<?xml version="1.0" encoding="UTF-8"?>
<!-- Generated by org.testng.reporters.JUnitXMLReporter -->
<testsuite ignored="0" hostname="197nodnb26926" failures="0" tests="3" name="Default test" time="13.713" errors="0" timestamp="2021-06-26T16:53:45 IST">
  <testcase classname="Smallcase.Assign2.FlipkartTest" name="navigateTo" time="5.208"/>
  <testcase classname="Smallcase.Assign2.FlipkartTest" name="searchItem" time="3.259"/>
  <testcase classname="Smallcase.Assign2.FlipkartTest" name="selectItem" time="5.205"/>
</testsuite> <!-- Default test -->
